[debug] [2025-05-23T17:06:48.112Z] ----------------------------------------------------------------------
[debug] [2025-05-23T17:06:48.116Z] Command:       C:\Program Files\nodejs\node.exe C:\Users\Admin\AppData\Roaming\npm\node_modules\firebase-tools\lib\bin\firebase.js init
[debug] [2025-05-23T17:06:48.116Z] CLI Version:   14.4.0
[debug] [2025-05-23T17:06:48.116Z] Platform:      win32
[debug] [2025-05-23T17:06:48.117Z] Node Version:  v22.13.1
[debug] [2025-05-23T17:06:48.117Z] Time:          Fri May 23 2025 23:36:48 GMT+0630 (Myanmar Time)
[debug] [2025-05-23T17:06:48.117Z] ----------------------------------------------------------------------
[debug] 
[debug] [2025-05-23T17:06:48.120Z] >>> [apiv2][query] GET https://firebase-public.firebaseio.com/cli.json [none]
[debug] [2025-05-23T17:06:48.179Z] > command requires scopes: ["email","openid","https://www.googleapis.com/auth/cloudplatformprojects.readonly","https://www.googleapis.com/auth/firebase","https://www.googleapis.com/auth/cloud-platform"]
[debug] [2025-05-23T17:06:48.179Z] > authorizing via signed-in user (johnsaimonn@gmail.com)
[info] 
     ######## #### ########  ######## ########     ###     ######  ########
     ##        ##  ##     ## ##       ##     ##  ##   ##  ##       ##
     ######    ##  ########  ######   ########  #########  ######  ######
     ##        ##  ##    ##  ##       ##     ## ##     ##       ## ##
     ##       #### ##     ## ######## ########  ##     ##  ######  ########

You're about to initialize a Firebase project in this directory:

  C:\Users\Admin\Documents\upanna

[debug] [2025-05-23T17:07:10.001Z] *** [apiv2] error from fetch(https://firebase-public.firebaseio.com/cli.json, {"headers":{},"method":"GET"}): FetchError: request to https://firebase-public.firebaseio.com/cli.json failed, reason: 
[warn] !  Unable to fetch the CLI MOTD and remote config. This is not a fatal error, but may indicate an issue with your network connection. 
[debug] [2025-05-23T17:07:10.003Z] Failed to fetch MOTD FirebaseError: Failed to make request to https://firebase-public.firebaseio.com/cli.json
[info] 
=== Project Setup
[info] 
[info] First, let's associate this project directory with a Firebase project.
[info] You can create multiple project aliases by running firebase use --add, 
[info] but for now we'll just set up a default project.
[info] 
[debug] [2025-05-23T17:07:25.650Z] Checked if tokens are valid: false, expires at: 1717744994256
[debug] [2025-05-23T17:07:25.651Z] Checked if tokens are valid: false, expires at: 1717744994256
[debug] [2025-05-23T17:07:25.651Z] > refreshing access token with scopes: []
[debug] [2025-05-23T17:07:25.652Z] >>> [apiv2][query] POST https://www.googleapis.com/oauth2/v3/token [none]
[debug] [2025-05-23T17:07:25.652Z] >>> [apiv2][body] POST https://www.googleapis.com/oauth2/v3/token [omitted]
[debug] [2025-05-23T17:07:25.952Z] <<< [apiv2][status] POST https://www.googleapis.com/oauth2/v3/token 400
[debug] [2025-05-23T17:07:25.952Z] <<< [apiv2][body] POST https://www.googleapis.com/oauth2/v3/token [omitted]
[debug] [2025-05-23T17:07:25.953Z] >>> [apiv2][query] GET https://firebase.googleapis.com/v1beta1/projects pageSize=100
[debug] [2025-05-23T17:07:26.493Z] <<< [apiv2][status] GET https://firebase.googleapis.com/v1beta1/projects 401
[debug] [2025-05-23T17:07:26.493Z] <<< [apiv2][body] GET https://firebase.googleapis.com/v1beta1/projects [omitted]
[debug] [2025-05-23T17:07:26.493Z] Got a 401 Unauthenticated error for a call that required authentication. Refreshing tokens.
[debug] [2025-05-23T17:07:26.493Z] Checked if tokens are valid: false, expires at: 1717744994256
[debug] [2025-05-23T17:07:26.493Z] Checked if tokens are valid: false, expires at: 1717744994256
[debug] [2025-05-23T17:07:26.493Z] > refreshing access token with scopes: []
[debug] [2025-05-23T17:07:26.494Z] >>> [apiv2][query] POST https://www.googleapis.com/oauth2/v3/token [none]
[debug] [2025-05-23T17:07:26.494Z] >>> [apiv2][body] POST https://www.googleapis.com/oauth2/v3/token [omitted]
[debug] [2025-05-23T17:07:26.590Z] <<< [apiv2][status] POST https://www.googleapis.com/oauth2/v3/token 400
[debug] [2025-05-23T17:07:26.591Z] <<< [apiv2][body] POST https://www.googleapis.com/oauth2/v3/token [omitted]
[debug] [2025-05-23T17:07:26.591Z] Request to https://firebase.googleapis.com/v1beta1/projects?pageSize=100 had HTTP Error: 401, Request had invalid authentication credentials. Expected OAuth 2 access token, login cookie or other valid authentication credential. See https://developers.google.com/identity/sign-in/web/devconsole-project.
[debug] [2025-05-23T17:07:26.820Z] FirebaseError: Request to https://firebase.googleapis.com/v1beta1/projects?pageSize=100 had HTTP Error: 401, Request had invalid authentication credentials. Expected OAuth 2 access token, login cookie or other valid authentication credential. See https://developers.google.com/identity/sign-in/web/devconsole-project.
    at responseToError (C:\Users\Admin\AppData\Roaming\npm\node_modules\firebase-tools\lib\responseToError.js:52:12)
    at RetryOperation._fn (C:\Users\Admin\AppData\Roaming\npm\node_modules\firebase-tools\lib\apiv2.js:312:77)
    at process.processTicksAndRejections (node:internal/process/task_queues:105:5)
[error] 
[error] Error: Failed to list Firebase projects. See firebase-debug.log for more info.
[debug] [2025-05-23T17:08:41.368Z] ----------------------------------------------------------------------
[debug] [2025-05-23T17:08:41.372Z] Command:       C:\Program Files\nodejs\node.exe C:\Users\Admin\AppData\Roaming\npm\node_modules\firebase-tools\lib\bin\firebase.js init
[debug] [2025-05-23T17:08:41.372Z] CLI Version:   14.4.0
[debug] [2025-05-23T17:08:41.372Z] Platform:      win32
[debug] [2025-05-23T17:08:41.372Z] Node Version:  v22.13.1
[debug] [2025-05-23T17:08:41.373Z] Time:          Fri May 23 2025 23:38:41 GMT+0630 (Myanmar Time)
[debug] [2025-05-23T17:08:41.373Z] ----------------------------------------------------------------------
[debug] 
[debug] [2025-05-23T17:08:41.376Z] >>> [apiv2][query] GET https://firebase-public.firebaseio.com/cli.json [none]
[debug] [2025-05-23T17:08:41.437Z] > command requires scopes: ["email","openid","https://www.googleapis.com/auth/cloudplatformprojects.readonly","https://www.googleapis.com/auth/firebase","https://www.googleapis.com/auth/cloud-platform"]
[debug] [2025-05-23T17:08:41.437Z] > authorizing via signed-in user (johnsaimonn@gmail.com)
[info] 
     ######## #### ########  ######## ########     ###     ######  ########
     ##        ##  ##     ## ##       ##     ##  ##   ##  ##       ##
     ######    ##  ########  ######   ########  #########  ######  ######
     ##        ##  ##    ##  ##       ##     ## ##     ##       ## ##
     ##       #### ##     ## ######## ########  ##     ##  ######  ########

You're about to initialize a Firebase project in this directory:

  C:\Users\Admin\Documents\upanna

[debug] [2025-05-23T17:09:03.268Z] *** [apiv2] error from fetch(https://firebase-public.firebaseio.com/cli.json, {"headers":{},"method":"GET"}): FetchError: request to https://firebase-public.firebaseio.com/cli.json failed, reason: 
[warn] !  Unable to fetch the CLI MOTD and remote config. This is not a fatal error, but may indicate an issue with your network connection. 
[debug] [2025-05-23T17:09:03.269Z] Failed to fetch MOTD FirebaseError: Failed to make request to https://firebase-public.firebaseio.com/cli.json
[info] 
=== Project Setup
[info] 
[info] First, let's associate this project directory with a Firebase project.
[info] You can create multiple project aliases by running firebase use --add, 
[info] but for now we'll just set up a default project.
[info] 
[debug] [2025-05-23T17:10:35.440Z] Checked if tokens are valid: false, expires at: 1717744994256
[debug] [2025-05-23T17:10:35.440Z] Checked if tokens are valid: false, expires at: 1717744994256
[debug] [2025-05-23T17:10:35.441Z] > refreshing access token with scopes: []
[debug] [2025-05-23T17:10:35.443Z] >>> [apiv2][query] POST https://www.googleapis.com/oauth2/v3/token [none]
[debug] [2025-05-23T17:10:35.443Z] >>> [apiv2][body] POST https://www.googleapis.com/oauth2/v3/token [omitted]
[debug] [2025-05-23T17:10:35.750Z] <<< [apiv2][status] POST https://www.googleapis.com/oauth2/v3/token 400
[debug] [2025-05-23T17:10:35.750Z] <<< [apiv2][body] POST https://www.googleapis.com/oauth2/v3/token [omitted]
[debug] [2025-05-23T17:10:35.751Z] >>> [apiv2][query] GET https://firebase.googleapis.com/v1beta1/projects pageSize=100
[debug] [2025-05-23T17:10:36.305Z] <<< [apiv2][status] GET https://firebase.googleapis.com/v1beta1/projects 401
[debug] [2025-05-23T17:10:36.305Z] <<< [apiv2][body] GET https://firebase.googleapis.com/v1beta1/projects [omitted]
[debug] [2025-05-23T17:10:36.306Z] Got a 401 Unauthenticated error for a call that required authentication. Refreshing tokens.
[debug] [2025-05-23T17:10:36.306Z] Checked if tokens are valid: false, expires at: 1717744994256
[debug] [2025-05-23T17:10:36.306Z] Checked if tokens are valid: false, expires at: 1717744994256
[debug] [2025-05-23T17:10:36.306Z] > refreshing access token with scopes: []
[debug] [2025-05-23T17:10:36.306Z] >>> [apiv2][query] POST https://www.googleapis.com/oauth2/v3/token [none]
[debug] [2025-05-23T17:10:36.306Z] >>> [apiv2][body] POST https://www.googleapis.com/oauth2/v3/token [omitted]
[debug] [2025-05-23T17:10:36.408Z] <<< [apiv2][status] POST https://www.googleapis.com/oauth2/v3/token 400
[debug] [2025-05-23T17:10:36.409Z] <<< [apiv2][body] POST https://www.googleapis.com/oauth2/v3/token [omitted]
[debug] [2025-05-23T17:10:36.411Z] Request to https://firebase.googleapis.com/v1beta1/projects?pageSize=100 had HTTP Error: 401, Request had invalid authentication credentials. Expected OAuth 2 access token, login cookie or other valid authentication credential. See https://developers.google.com/identity/sign-in/web/devconsole-project.
[debug] [2025-05-23T17:10:36.668Z] FirebaseError: Request to https://firebase.googleapis.com/v1beta1/projects?pageSize=100 had HTTP Error: 401, Request had invalid authentication credentials. Expected OAuth 2 access token, login cookie or other valid authentication credential. See https://developers.google.com/identity/sign-in/web/devconsole-project.
    at responseToError (C:\Users\Admin\AppData\Roaming\npm\node_modules\firebase-tools\lib\responseToError.js:52:12)
    at RetryOperation._fn (C:\Users\Admin\AppData\Roaming\npm\node_modules\firebase-tools\lib\apiv2.js:312:77)
    at process.processTicksAndRejections (node:internal/process/task_queues:105:5)
[error] 
[error] Error: Failed to list Firebase projects. See firebase-debug.log for more info.
